<?xml version="1.0" encoding="UTF-8"?>
<testsuite xmlns:xsi="http://www.w3.org/2001/XMLSchema-instance" xsi:noNamespaceSchemaLocation="https://maven.apache.org/surefire/maven-surefire-plugin/xsd/surefire-test-report-3.0.xsd" version="3.0" name="KeyListTest" time="0.37" tests="6" errors="0" skipped="0" failures="0">
  <properties>
[...]
</properties>
  <testcase name="shouldnotWorkForPressSomekey" classname="KeyListTest" time="0.239">
    <system-out><![CDATA[I should be printed before all the tests commence! KeyListTest
I am Instantiating the User Test Scripts! KeyListTest
Just completed a test! KeyListTest
]]></system-out>
  </testcase>
  <testcase name="shouldWorkForPressdown" classname="KeyListTest" time="0.031">
    <system-out><![CDATA[I am Instantiating the User Test Scripts! KeyListTest
Just completed a test! KeyListTest
]]></system-out>
  </testcase>
  <testcase name="shouldWorkForPressleft" classname="KeyListTest" time="0">
    <system-out><![CDATA[I am Instantiating the User Test Scripts! KeyListTest
Just completed a test! KeyListTest
]]></system-out>
  </testcase>
  <testcase name="shouldWorkForPressright" classname="KeyListTest" time="0">
    <system-out><![CDATA[COLISION! 

I am Instantiating the User Test Scripts! KeyListTest
Just completed a test! KeyListTest
]]></system-out>
  </testcase>
  <testcase name="shouldWorkForAllkeys" classname="KeyListTest" time="0.016">
    <system-out><![CDATA[I am Instantiating the User Test Scripts! KeyListTest
Just completed a test! KeyListTest
]]></system-out>
  </testcase>
  <testcase name="shouldWorkForPressup" classname="KeyListTest" time="0">
    <system-out><![CDATA[I am Instantiating the User Test Scripts! KeyListTest
Just completed a test! KeyListTest
]]></system-out>
  </testcase>
</testsuite>